<?xml version="1.0" encoding="UTF-8"?>
<!-- Generated by org.testng.reporters.JUnitReportReporter -->
<testsuite skipped="0" hostname="WIN-D57Q74QEVHK" name="com.qa.tests.GetAPITest" tests="1" failures="0" timestamp="05 May 2018 17:37:24 GMT" time="1.786" errors="0">
  <testcase name="getTest" time="1.786" classname="com.qa.tests.GetAPITest"/>
</testsuite> <!-- com.qa.tests.GetAPITest -->
